timestamp: 2017-01-30T20:26:02.792663
CREATE TABLE auth_user(
    id INTEGER PRIMARY KEY AUTOINCREMENT,
    first_name CHAR(128),
    last_name CHAR(128),
    email CHAR(512),
    password CHAR(512),
    registration_key CHAR(512),
    reset_password_key CHAR(512),
    registration_id CHAR(512)
);
success!
timestamp: 2017-01-30T20:26:02.864050
CREATE TABLE auth_group(
    id INTEGER PRIMARY KEY AUTOINCREMENT,
    role CHAR(512),
    description TEXT
);
success!
timestamp: 2017-01-30T20:26:02.889763
CREATE TABLE auth_membership(
    id INTEGER PRIMARY KEY AUTOINCREMENT,
    user_id INTEGER REFERENCES auth_user (id) ON DELETE CASCADE  ,
    group_id INTEGER REFERENCES auth_group (id) ON DELETE CASCADE  
);
success!
timestamp: 2017-01-30T20:26:02.902902
CREATE TABLE auth_permission(
    id INTEGER PRIMARY KEY AUTOINCREMENT,
    group_id INTEGER REFERENCES auth_group (id) ON DELETE CASCADE  ,
    name CHAR(512),
    table_name CHAR(512),
    record_id INTEGER
);
success!
timestamp: 2017-01-30T20:26:02.922266
CREATE TABLE auth_event(
    id INTEGER PRIMARY KEY AUTOINCREMENT,
    time_stamp TIMESTAMP,
    client_ip CHAR(512),
    user_id INTEGER REFERENCES auth_user (id) ON DELETE CASCADE  ,
    origin CHAR(512),
    description TEXT
);
success!
timestamp: 2017-01-30T20:26:02.930561
CREATE TABLE auth_cas(
    id INTEGER PRIMARY KEY AUTOINCREMENT,
    user_id INTEGER REFERENCES auth_user (id) ON DELETE CASCADE  ,
    created_on TIMESTAMP,
    service CHAR(512),
    ticket CHAR(512),
    renew CHAR(1)
);
success!
timestamp: 2017-01-30T20:27:30.604677
CREATE TABLE aluno(
    id INTEGER PRIMARY KEY AUTOINCREMENT,
    nome CHAR(512),
    matricula INTEGER,
    curso CHAR(512),
    periodo INTEGER,
    telefone INTEGER,
    email CHAR(512),
    documento CHAR(512)
);
success!
timestamp: 2017-01-30T20:50:25.397453
CREATE TABLE professor(
    id INTEGER PRIMARY KEY AUTOINCREMENT,
    nome CHAR(512),
    cpf INTEGER,
    curso CHAR(512),
    telefone INTEGER,
    email CHAR(512),
    documento CHAR(512)
);
success!
timestamp: 2017-01-30T20:50:25.488255
CREATE TABLE empresa(
    id INTEGER PRIMARY KEY AUTOINCREMENT,
    nome CHAR(512),
    razao INTEGER,
    cnpj CHAR(512),
    telefone INTEGER,
    email CHAR(512)
);
success!
